Determining if the pthread_create exist failed with the following output:
Change Dir: /home/kai/HonoursProject/Code/out/CMakeFiles/CMakeTmp

Run Build Command:"/usr/bin/make" "cmTC_e4037/fast"
/usr/bin/make -f CMakeFiles/cmTC_e4037.dir/build.make CMakeFiles/cmTC_e4037.dir/build
make[1]: Entering directory '/home/kai/HonoursProject/Code/out/CMakeFiles/CMakeTmp'
Building C object CMakeFiles/cmTC_e4037.dir/CheckSymbolExists.c.o
/usr/bin/cc   -fPIE   -o CMakeFiles/cmTC_e4037.dir/CheckSymbolExists.c.o   -c /home/kai/HonoursProject/Code/out/CMakeFiles/CMakeTmp/CheckSymbolExists.c
Linking C executable cmTC_e4037
/usr/bin/cmake -E cmake_link_script CMakeFiles/cmTC_e4037.dir/link.txt --verbose=1
/usr/bin/cc      -rdynamic CMakeFiles/cmTC_e4037.dir/CheckSymbolExists.c.o  -o cmTC_e4037 
/usr/bin/ld: CMakeFiles/cmTC_e4037.dir/CheckSymbolExists.c.o: in function `main':
CheckSymbolExists.c:(.text+0x1b): undefined reference to `pthread_create'
collect2: error: ld returned 1 exit status
make[1]: *** [CMakeFiles/cmTC_e4037.dir/build.make:87: cmTC_e4037] Error 1
make[1]: Leaving directory '/home/kai/HonoursProject/Code/out/CMakeFiles/CMakeTmp'
make: *** [Makefile:121: cmTC_e4037/fast] Error 2

File /home/kai/HonoursProject/Code/out/CMakeFiles/CMakeTmp/CheckSymbolExists.c:
/* */
#include <pthread.h>

int main(int argc, char** argv)
{
  (void)argv;
#ifndef pthread_create
  return ((int*)(&pthread_create))[argc];
#else
  (void)argc;
  return 0;
#endif
}

Determining if the function pthread_create exists in the pthreads failed with the following output:
Change Dir: /home/kai/HonoursProject/Code/out/CMakeFiles/CMakeTmp

Run Build Command:"/usr/bin/make" "cmTC_f9d37/fast"
/usr/bin/make -f CMakeFiles/cmTC_f9d37.dir/build.make CMakeFiles/cmTC_f9d37.dir/build
make[1]: Entering directory '/home/kai/HonoursProject/Code/out/CMakeFiles/CMakeTmp'
Building C object CMakeFiles/cmTC_f9d37.dir/CheckFunctionExists.c.o
/usr/bin/cc   -DCHECK_FUNCTION_EXISTS=pthread_create -fPIE   -o CMakeFiles/cmTC_f9d37.dir/CheckFunctionExists.c.o   -c /usr/share/cmake-3.13/Modules/CheckFunctionExists.c
Linking C executable cmTC_f9d37
/usr/bin/cmake -E cmake_link_script CMakeFiles/cmTC_f9d37.dir/link.txt --verbose=1
/usr/bin/cc  -DCHECK_FUNCTION_EXISTS=pthread_create    -rdynamic CMakeFiles/cmTC_f9d37.dir/CheckFunctionExists.c.o  -o cmTC_f9d37 -lpthreads 
/usr/bin/ld: cannot find -lpthreads
collect2: error: ld returned 1 exit status
make[1]: *** [CMakeFiles/cmTC_f9d37.dir/build.make:87: cmTC_f9d37] Error 1
make[1]: Leaving directory '/home/kai/HonoursProject/Code/out/CMakeFiles/CMakeTmp'
make: *** [Makefile:121: cmTC_f9d37/fast] Error 2


